<?xml version="1.0" encoding="UTF-8"?>
<testsuite xmlns:xsi="http://www.w3.org/2001/XMLSchema-instance" xsi:noNamespaceSchemaLocation="https://maven.apache.org/surefire/maven-surefire-plugin/xsd/surefire-test-report-3.0.xsd" version="3.0" name="com.example.myapp.DatabaseConnectionTest" time="5.791" tests="2" errors="0" skipped="0" failures="0">
  <properties>
[...]
</properties>
  <testcase name="testNeo4jConnection" classname="com.example.myapp.DatabaseConnectionTest" time="0.728">
    <system-out><![CDATA[16:10:59.370 [main] INFO org.springframework.test.context.support.AnnotationConfigContextLoaderUtils -- Could not detect default configuration classes for test class [com.example.myapp.DatabaseConnectionTest]: DatabaseConnectionTest does not declare any static, non-private, non-final, nested classes annotated with @Configuration.
16:10:59.463 [main] INFO org.springframework.boot.test.context.SpringBootTestContextBootstrapper -- Found @SpringBootConfiguration com.example.myapp.MyAppApplication for test class com.example.myapp.DatabaseConnectionTest

  .   ____          _            __ _ _
 /\\ / ___'_ __ _ _(_)_ __  __ _ \ \ \ \
( ( )\___ | '_ | '_| | '_ \/ _` | \ \ \ \
 \\/  ___)| |_)| | | | | || (_| |  ) ) ) )
  '  |____| .__|_| |_|_| |_\__, | / / / /
 =========|_|==============|___/=/_/_/_/
 :: Spring Boot ::                (v3.2.3)

2025-05-01T16:10:59.836+08:00  INFO 29296 --- [           main] c.example.myapp.DatabaseConnectionTest   : Starting DatabaseConnectionTest using Java 17.0.2 with PID 29296 (started by Dell in D:\GraduationProject\BackEnd)
2025-05-01T16:10:59.837+08:00 DEBUG 29296 --- [           main] c.example.myapp.DatabaseConnectionTest   : Running with Spring Boot v3.2.3, Spring v6.1.4
2025-05-01T16:10:59.837+08:00  INFO 29296 --- [           main] c.example.myapp.DatabaseConnectionTest   : No active profile set, falling back to 1 default profile: "default"
2025-05-01T16:11:00.601+08:00  INFO 29296 --- [           main] .s.d.r.c.RepositoryConfigurationDelegate : Multiple Spring Data modules found, entering strict repository configuration mode
2025-05-01T16:11:00.602+08:00  INFO 29296 --- [           main] .s.d.r.c.RepositoryConfigurationDelegate : Bootstrapping Spring Data JPA repositories in DEFAULT mode.
2025-05-01T16:11:00.717+08:00  INFO 29296 --- [           main] .RepositoryConfigurationExtensionSupport : Spring Data JPA - Could not safely identify store assignment for repository candidate interface com.example.myapp.repository.EventNodeRepository; If you want this repository to be a JPA repository, consider annotating your entities with one of these annotations: jakarta.persistence.Entity, jakarta.persistence.MappedSuperclass (preferred), or consider extending one of the following types with your repository: org.springframework.data.jpa.repository.JpaRepository
2025-05-01T16:11:00.719+08:00  INFO 29296 --- [           main] .RepositoryConfigurationExtensionSupport : Spring Data JPA - Could not safely identify store assignment for repository candidate interface com.example.myapp.repository.EventRelationRepository; If you want this repository to be a JPA repository, consider annotating your entities with one of these annotations: jakarta.persistence.Entity, jakarta.persistence.MappedSuperclass (preferred), or consider extending one of the following types with your repository: org.springframework.data.jpa.repository.JpaRepository
2025-05-01T16:11:00.735+08:00  INFO 29296 --- [           main] .s.d.r.c.RepositoryConfigurationDelegate : Finished Spring Data repository scanning in 126 ms. Found 1 JPA repository interface.
2025-05-01T16:11:00.763+08:00  INFO 29296 --- [           main] .s.d.r.c.RepositoryConfigurationDelegate : Multiple Spring Data modules found, entering strict repository configuration mode
2025-05-01T16:11:00.765+08:00 DEBUG 29296 --- [           main] o.s.d.n.repository.config.StartupLogger  : Bootstrapping reactive Neo4j repositories based on SDN v7.2.3 with Spring Data Commons v3.2.3 and Neo4j Driver v5.17.0.
2025-05-01T16:11:00.766+08:00  INFO 29296 --- [           main] .s.d.r.c.RepositoryConfigurationDelegate : Bootstrapping Spring Data Neo4j repositories in DEFAULT mode.
2025-05-01T16:11:00.771+08:00  INFO 29296 --- [           main] .RepositoryConfigurationExtensionSupport : Spring Data Neo4j - Could not safely identify store assignment for repository candidate interface com.example.myapp.repository.EventGraphRepository; If you want this repository to be a Neo4j repository, consider annotating your entities with one of these annotations: org.springframework.data.neo4j.core.schema.Node, org.springframework.data.neo4j.core.schema.RelationshipProperties (preferred), or consider extending one of the following types with your repository: org.springframework.data.neo4j.repository.ReactiveNeo4jRepository
2025-05-01T16:11:00.771+08:00  INFO 29296 --- [           main] .s.d.r.c.RepositoryConfigurationDelegate : Finished Spring Data repository scanning in 5 ms. Found 0 Neo4j repository interfaces.
2025-05-01T16:11:00.777+08:00  INFO 29296 --- [           main] .s.d.r.c.RepositoryConfigurationDelegate : Multiple Spring Data modules found, entering strict repository configuration mode
2025-05-01T16:11:00.777+08:00 DEBUG 29296 --- [           main] o.s.d.n.repository.config.StartupLogger  : Bootstrapping imperative Neo4j repositories based on SDN v7.2.3 with Spring Data Commons v3.2.3 and Neo4j Driver v5.17.0.
2025-05-01T16:11:00.778+08:00  INFO 29296 --- [           main] .s.d.r.c.RepositoryConfigurationDelegate : Bootstrapping Spring Data Neo4j repositories in DEFAULT mode.
2025-05-01T16:11:00.782+08:00  INFO 29296 --- [           main] .RepositoryConfigurationExtensionSupport : Spring Data Neo4j - Could not safely identify store assignment for repository candidate interface com.example.myapp.repository.EventGraphRepository; If you want this repository to be a Neo4j repository, consider annotating your entities with one of these annotations: org.springframework.data.neo4j.core.schema.Node, org.springframework.data.neo4j.core.schema.RelationshipProperties (preferred), or consider extending one of the following types with your repository: org.springframework.data.neo4j.repository.Neo4jRepository
2025-05-01T16:11:00.787+08:00  INFO 29296 --- [           main] .s.d.r.c.RepositoryConfigurationDelegate : Finished Spring Data repository scanning in 8 ms. Found 2 Neo4j repository interfaces.
2025-05-01T16:11:01.185+08:00  INFO 29296 --- [           main] com.zaxxer.hikari.HikariDataSource       : HikariPool-1 - Starting...
2025-05-01T16:11:01.354+08:00  INFO 29296 --- [           main] com.zaxxer.hikari.pool.HikariPool        : HikariPool-1 - Added connection com.mysql.cj.jdbc.ConnectionImpl@5cc1bf20
2025-05-01T16:11:01.356+08:00  INFO 29296 --- [           main] com.zaxxer.hikari.HikariDataSource       : HikariPool-1 - Start completed.
2025-05-01T16:11:01.397+08:00  INFO 29296 --- [           main] o.hibernate.jpa.internal.util.LogHelper  : HHH000204: Processing PersistenceUnitInfo [name: default]
2025-05-01T16:11:01.462+08:00  INFO 29296 --- [           main] org.hibernate.Version                    : HHH000412: Hibernate ORM core version 6.4.4.Final
2025-05-01T16:11:01.499+08:00  INFO 29296 --- [           main] o.h.c.internal.RegionFactoryInitiator    : HHH000026: Second-level cache disabled
2025-05-01T16:11:01.800+08:00  INFO 29296 --- [           main] o.s.o.j.p.SpringPersistenceUnitInfo      : No LoadTimeWeaver setup: ignoring JPA class transformer
2025-05-01T16:11:02.588+08:00  INFO 29296 --- [           main] o.h.e.t.j.p.i.JtaPlatformInitiator       : HHH000489: No JTA platform available (set 'hibernate.transaction.jta.platform' to enable JTA platform integration)
2025-05-01T16:11:02.591+08:00  INFO 29296 --- [           main] j.LocalContainerEntityManagerFactoryBean : Initialized JPA EntityManagerFactory for persistence unit 'default'
2025-05-01T16:11:02.736+08:00  INFO 29296 --- [           main] o.neo4j.driver.internal.DriverFactory    : Direct driver instance 69338216 created for server address localhost:7687
2025-05-01T16:11:02.876+08:00  WARN 29296 --- [           main] o.s.d.n.c.mapping.Neo4jPersistentEntity  : The entity com.example.myapp.entity.EventNode is using a Long value for storing internally generated Neo4j ids. The Neo4j internal Long Ids are deprecated, please consider using an external ID generator.
2025-05-01T16:11:02.894+08:00  WARN 29296 --- [           main] o.s.d.n.c.mapping.Neo4jPersistentEntity  : The entity com.example.myapp.entity.EventRelation is using a Long value for storing internally generated Neo4j ids. The Neo4j internal Long Ids are deprecated, please consider using an external ID generator.
Logging initialized using 'class org.apache.ibatis.logging.stdout.StdOutImpl' adapter.
2025-05-01T16:11:03.717+08:00  WARN 29296 --- [           main] JpaBaseConfiguration$JpaWebConfiguration : spring.jpa.open-in-view is enabled by default. Therefore, database queries may be performed during view rendering. Explicitly configure spring.jpa.open-in-view to disable this warning
2025-05-01T16:11:03.751+08:00  INFO 29296 --- [           main] o.s.b.a.w.s.WelcomePageHandlerMapping    : Adding welcome page: class path resource [static/index.html]
2025-05-01T16:11:04.201+08:00  INFO 29296 --- [           main] c.example.myapp.DatabaseConnectionTest   : Started DatabaseConnectionTest in 4.609 seconds (process running for 5.396)
]]></system-out>
  </testcase>
  <testcase name="testMySQLConnection" classname="com.example.myapp.DatabaseConnectionTest" time="0.071">
    <system-out><![CDATA[Creating a new SqlSession
SqlSession [org.apache.ibatis.session.defaults.DefaultSqlSession@1fa35f7e] was not registered for synchronization because synchronization is not active
JDBC Connection [HikariProxyConnection@1981964797 wrapping com.mysql.cj.jdbc.ConnectionImpl@5cc1bf20] will not be managed by Spring
==>  Preparing: SELECT * FROM users
==> Parameters: 
<==    Columns: id, username, nickname, password, email, avatar_url, created_at, last_active_at
<==        Row: 2, testuser3, 椎名立希, 12345678, null, /uploads/avatars/19f42bdcb94e540c865051eb37f467bb.png, 2025-05-01 04:03:31, 2025-05-01 16:01:49
<==        Row: 3, testuser4, 高松灯, Password123!, newuser4@example.com, https://example.com/avatars/custom.png, 2025-05-01 04:04:47, 2025-05-01 04:04:47
<==        Row: 4, testuser5, 要乐奈, Password123!, newuser5@example.com, https://example.com/avatars/custom.png, 2025-05-01 04:05:20, 2025-05-01 04:05:20
<==        Row: 5, testuser6, 若叶睦, Password123!, newuser6@example.com, https://example.com/avatars/custom.png, 2025-05-01 04:59:55, 2025-05-01 04:59:55
<==        Row: 6, 迮阳, 袭治文, dJ8pZ1iOxnRXsKK, hm1i2v17@126.com, https://avatars.githubusercontent.com/u/4730713, 2025-05-01 15:59:40, 2025-05-01 15:59:40
<==      Total: 5
Closing non transactional SqlSession [org.apache.ibatis.session.defaults.DefaultSqlSession@1fa35f7e]
]]></system-out>
  </testcase>
</testsuite>